<?xml version="1.0" encoding="UTF-8" ?>
<testsuite tests="36" failures="0" name="logic.DeckHandlerTest" time="0.005" errors="0" skipped="0">
  <properties>
[...]
</properties>
  <testcase classname="logic.DeckHandlerTest" name="getLatestMatch_returns_null_if_no_matches" time="0"/>
  <testcase classname="logic.DeckHandlerTest" name="removeMatch_doesnt_count_tie_as_loss" time="0"/>
  <testcase classname="logic.DeckHandlerTest" name="addMatch_counts_disconnect_as_loss" time="0"/>
  <testcase classname="logic.DeckHandlerTest" name="removeCard_returns_null_if_no_card_at_index" time="0"/>
  <testcase classname="logic.DeckHandlerTest" name="addMatch_doesnt_increase_win_count_if_loss" time="0"/>
  <testcase classname="logic.DeckHandlerTest" name="removeMatch_returns_null_if_no_match_at_index" time="0"/>
  <testcase classname="logic.DeckHandlerTest" name="addMatch_doesnt_count_tie_as_loss" time="0"/>
  <testcase classname="logic.DeckHandlerTest" name="removeMatch_corrects_match_numbers" time="0"/>
  <testcase classname="logic.DeckHandlerTest" name="removeMatch_counts_disconnect_as_loss" time="0"/>
  <testcase classname="logic.DeckHandlerTest" name="removeLatestMatch_removes_match_from_list" time="0"/>
  <testcase classname="logic.DeckHandlerTest" name="removeLatestMatch_doesnt_affect_match_numbers" time="0"/>
  <testcase classname="logic.DeckHandlerTest" name="addMatch_doesnt_count_tie_as_win" time="0"/>
  <testcase classname="logic.DeckHandlerTest" name="addMatch_doesnt_increase_loss_count_if_win" time="0"/>
  <testcase classname="logic.DeckHandlerTest" name="removeMatch_doesnt_decrease_loss_count_if_not_loss" time="0"/>
  <testcase classname="logic.DeckHandlerTest" name="addMatch_returns_true_if_3_losses" time="0"/>
  <testcase classname="logic.DeckHandlerTest" name="removeMatch_decreases_loss_count" time="0"/>
  <testcase classname="logic.DeckHandlerTest" name="getLatestMatch_returns_latest_added" time="0"/>
  <testcase classname="logic.DeckHandlerTest" name="removeMatch_decreases_win_count" time="0"/>
  <testcase classname="logic.DeckHandlerTest" name="addMatch_adds_to_list" time="0.001"/>
  <testcase classname="logic.DeckHandlerTest" name="addMatch_increases_loss_count" time="0"/>
  <testcase classname="logic.DeckHandlerTest" name="addCard_adds_card_to_list" time="0"/>
  <testcase classname="logic.DeckHandlerTest" name="removeMatch_doesnt_decrease_win_count_if_not_win" time="0"/>
  <testcase classname="logic.DeckHandlerTest" name="addMatch_sets_playerClass_to_match" time="0"/>
  <testcase classname="logic.DeckHandlerTest" name="removeMatch_returns_match_at_index" time="0"/>
  <testcase classname="logic.DeckHandlerTest" name="removeMatch_doesnt_count_disconnect_as_win" time="0"/>
  <testcase classname="logic.DeckHandlerTest" name="removeMatch_doesnt_count_tie_as_win" time="0"/>
  <testcase classname="logic.DeckHandlerTest" name="addMatch_returns_true_if_12_wins" time="0"/>
  <testcase classname="logic.DeckHandlerTest" name="addMatch_returns_false_if_not_finished" time="0"/>
  <testcase classname="logic.DeckHandlerTest" name="removeMatch_removes_match_from_list" time="0"/>
  <testcase classname="logic.DeckHandlerTest" name="removeLatestMatch_returns_null_if_no_matches" time="0"/>
  <testcase classname="logic.DeckHandlerTest" name="removeCard_removes_card_from_list" time="0"/>
  <testcase classname="logic.DeckHandlerTest" name="addMatch_sets_deck_to_match" time="0"/>
  <testcase classname="logic.DeckHandlerTest" name="removeCard_returns_card_at_index" time="0"/>
  <testcase classname="logic.DeckHandlerTest" name="addMatch_doesnt_count_disconnect_as_win" time="0"/>
  <testcase classname="logic.DeckHandlerTest" name="removeLatestMatch_returns_latest_match" time="0"/>
  <testcase classname="logic.DeckHandlerTest" name="addMatch_increases_win_count" time="0"/>
</testsuite>