<?xml version="1.0" encoding="UTF-8" ?>
<testsuite failures="0" time="0.158" errors="0" skipped="0" tests="191" name="logic.MatchStatisticsKeeperTest">
  <properties>
[...]
</properties>
  <testcase time="0.005" classname="logic.MatchStatisticsKeeperTest" name="set_losses_in_class_vs_class_1st_works_correctly"/>
  <testcase time="0.001" classname="logic.MatchStatisticsKeeperTest" name="set_wins_as_class_1st_works_correctly"/>
  <testcase time="0.001" classname="logic.MatchStatisticsKeeperTest" name="loss_percentage_vs_class_total_is_correct1"/>
  <testcase time="0.001" classname="logic.MatchStatisticsKeeperTest" name="loss_percentage_vs_class_total_is_correct2"/>
  <testcase time="0.001" classname="logic.MatchStatisticsKeeperTest" name="loss_percentage_vs_class_total_is_correct3"/>
  <testcase time="0.001" classname="logic.MatchStatisticsKeeperTest" name="loss_percentage_vs_class_total_is_correct4"/>
  <testcase time="0.001" classname="logic.MatchStatisticsKeeperTest" name="loss_percentage_vs_class_total_is_correct5"/>
  <testcase time="0.001" classname="logic.MatchStatisticsKeeperTest" name="loss_percentage_vs_class_total_is_correct6"/>
  <testcase time="0.002" classname="logic.MatchStatisticsKeeperTest" name="set_wins_in_class_vs_class_1st_works_correctly"/>
  <testcase time="0.001" classname="logic.MatchStatisticsKeeperTest" name="set_losses_vs_class_1st_works_correctly"/>
  <testcase time="0.001" classname="logic.MatchStatisticsKeeperTest" name="loss_percentage_as_class_1st_is_correct1"/>
  <testcase time="0.001" classname="logic.MatchStatisticsKeeperTest" name="loss_percentage_as_class_1st_is_correct2"/>
  <testcase time="0.006" classname="logic.MatchStatisticsKeeperTest" name="matches_as_class_total_is_correct1"/>
  <testcase time="0.001" classname="logic.MatchStatisticsKeeperTest" name="matches_as_class_total_is_correct2"/>
  <testcase time="0" classname="logic.MatchStatisticsKeeperTest" name="matches_as_class_total_is_correct3"/>
  <testcase time="0.001" classname="logic.MatchStatisticsKeeperTest" name="remove_match_affects_win_percentage_in_class_vs_class_total"/>
  <testcase time="0.001" classname="logic.MatchStatisticsKeeperTest" name="loss_percentage_as_class_2nd_is_correct1"/>
  <testcase time="0.001" classname="logic.MatchStatisticsKeeperTest" name="loss_percentage_as_class_2nd_is_correct2"/>
  <testcase time="0" classname="logic.MatchStatisticsKeeperTest" name="loss_percentage_as_class_2nd_is_correct3"/>
  <testcase time="0" classname="logic.MatchStatisticsKeeperTest" name="losses_as_class_total_is_correct1"/>
  <testcase time="0.001" classname="logic.MatchStatisticsKeeperTest" name="losses_as_class_total_is_correct2"/>
  <testcase time="0.001" classname="logic.MatchStatisticsKeeperTest" name="losses_as_class_total_is_correct3"/>
  <testcase time="0" classname="logic.MatchStatisticsKeeperTest" name="remove_match_affects_win_percentage_as_class_1st"/>
  <testcase time="0" classname="logic.MatchStatisticsKeeperTest" name="remove_match_affects_win_percentage_as_class_2nd"/>
  <testcase time="0.001" classname="logic.MatchStatisticsKeeperTest" name="remove_match_removes_match_from_wins_as_class_1st"/>
  <testcase time="0.001" classname="logic.MatchStatisticsKeeperTest" name="remove_match_removes_match_from_wins_as_class_2nd"/>
  <testcase time="0.001" classname="logic.MatchStatisticsKeeperTest" name="total_loss_percent_is_correct"/>
  <testcase time="0" classname="logic.MatchStatisticsKeeperTest" name="remove_match_removes_match_from_matches_vs_class_1st"/>
  <testcase time="0.001" classname="logic.MatchStatisticsKeeperTest" name="remove_match_removes_match_from_matches_vs_class_2nd"/>
  <testcase time="0.001" classname="logic.MatchStatisticsKeeperTest" name="remove_match_removes_match_from_losses_vs_class_1st"/>
  <testcase time="0" classname="logic.MatchStatisticsKeeperTest" name="remove_match_removes_match_from_losses_vs_class_2nd"/>
  <testcase time="0" classname="logic.MatchStatisticsKeeperTest" name="total_wins_is_correct"/>
  <testcase time="0.001" classname="logic.MatchStatisticsKeeperTest" name="set_losses_as_class_2nd_works_correctly"/>
  <testcase time="0.001" classname="logic.MatchStatisticsKeeperTest" name="matches_vs_class_total_is_correct1"/>
  <testcase time="0" classname="logic.MatchStatisticsKeeperTest" name="matches_vs_class_total_is_correct2"/>
  <testcase time="0.001" classname="logic.MatchStatisticsKeeperTest" name="matches_vs_class_total_is_correct3"/>
  <testcase time="0" classname="logic.MatchStatisticsKeeperTest" name="matches_vs_class_total_is_correct4"/>
  <testcase time="0" classname="logic.MatchStatisticsKeeperTest" name="matches_vs_class_total_is_correct5"/>
  <testcase time="0.001" classname="logic.MatchStatisticsKeeperTest" name="matches_vs_class_total_is_correct6"/>
  <testcase time="0.001" classname="logic.MatchStatisticsKeeperTest" name="set_win_per_vs_class_2nd_works_correctly"/>
  <testcase time="0.001" classname="logic.MatchStatisticsKeeperTest" name="set_win_per_class_vs_class_2nd_works_correctly"/>
  <testcase time="0" classname="logic.MatchStatisticsKeeperTest" name="win_percentage_class_vs_class_going_second_is_correct1"/>
  <testcase time="0.001" classname="logic.MatchStatisticsKeeperTest" name="win_percentage_class_vs_class_going_second_is_correct2"/>
  <testcase time="0.001" classname="logic.MatchStatisticsKeeperTest" name="losses_in_class_vs_class_is_correct1"/>
  <testcase time="0" classname="logic.MatchStatisticsKeeperTest" name="losses_in_class_vs_class_is_correct2"/>
  <testcase time="0" classname="logic.MatchStatisticsKeeperTest" name="losses_in_class_vs_class_is_correct3"/>
  <testcase time="0.001" classname="logic.MatchStatisticsKeeperTest" name="losses_in_class_vs_class_is_correct4"/>
  <testcase time="0" classname="logic.MatchStatisticsKeeperTest" name="losses_vs_class_total_is_correct1"/>
  <testcase time="0.001" classname="logic.MatchStatisticsKeeperTest" name="losses_vs_class_total_is_correct2"/>
  <testcase time="0" classname="logic.MatchStatisticsKeeperTest" name="losses_vs_class_total_is_correct3"/>
  <testcase time="0.001" classname="logic.MatchStatisticsKeeperTest" name="losses_vs_class_total_is_correct4"/>
  <testcase time="0" classname="logic.MatchStatisticsKeeperTest" name="set_matches_in_class_vs_class_2nd_works_correctly"/>
  <testcase time="0.001" classname="logic.MatchStatisticsKeeperTest" name="set_losses_as_class_1st_works_correctly"/>
  <testcase time="0" classname="logic.MatchStatisticsKeeperTest" name="set_win_per_vs_class_1st_works_correctly"/>
  <testcase time="0" classname="logic.MatchStatisticsKeeperTest" name="set_win_per_class_vs_class_1st_works_correctly"/>
  <testcase time="0" classname="logic.MatchStatisticsKeeperTest" name="wins_in_class_vs_class_total_is_correct1"/>
  <testcase time="0.001" classname="logic.MatchStatisticsKeeperTest" name="wins_in_class_vs_class_total_is_correct2"/>
  <testcase time="0" classname="logic.MatchStatisticsKeeperTest" name="wins_in_class_vs_class_total_is_correct3"/>
  <testcase time="0.001" classname="logic.MatchStatisticsKeeperTest" name="total_loss_percent_is_zero_when_only_disconnects"/>
  <testcase time="0.001" classname="logic.MatchStatisticsKeeperTest" name="matches_as_class_going_1st_are_correct1"/>
  <testcase time="0.001" classname="logic.MatchStatisticsKeeperTest" name="matches_as_class_going_1st_are_correct2"/>
  <testcase time="0" classname="logic.MatchStatisticsKeeperTest" name="remove_match_affects_win_percentage_vs_class_total"/>
  <testcase time="0" classname="logic.MatchStatisticsKeeperTest" name="set_matches_in_class_vs_class_1st_works_correctly"/>
  <testcase time="0" classname="logic.MatchStatisticsKeeperTest" name="matches_as_class_going_2nd_are_correct1"/>
  <testcase time="0.001" classname="logic.MatchStatisticsKeeperTest" name="matches_as_class_going_2nd_are_correct2"/>
  <testcase time="0" classname="logic.MatchStatisticsKeeperTest" name="matches_as_class_going_2nd_are_correct3"/>
  <testcase time="0" classname="logic.MatchStatisticsKeeperTest" name="matches_in_class_vs_class_total_is_correct1"/>
  <testcase time="0" classname="logic.MatchStatisticsKeeperTest" name="matches_in_class_vs_class_total_is_correct2"/>
  <testcase time="0" classname="logic.MatchStatisticsKeeperTest" name="matches_in_class_vs_class_total_is_correct3"/>
  <testcase time="0.001" classname="logic.MatchStatisticsKeeperTest" name="matches_in_class_vs_class_total_is_correct4"/>
  <testcase time="0" classname="logic.MatchStatisticsKeeperTest" name="matches_in_class_vs_class_total_is_correct5"/>
  <testcase time="0.001" classname="logic.MatchStatisticsKeeperTest" name="matches_in_class_vs_class_total_is_correct6"/>
  <testcase time="0" classname="logic.MatchStatisticsKeeperTest" name="win_percentage_class_vs_class_going_1st_is_correct1"/>
  <testcase time="0" classname="logic.MatchStatisticsKeeperTest" name="win_percentage_class_vs_class_going_1st_is_correct2"/>
  <testcase time="0" classname="logic.MatchStatisticsKeeperTest" name="remove_match_removes_match_from_matches_in_class_vs_class_1st"/>
  <testcase time="0.001" classname="logic.MatchStatisticsKeeperTest" name="remove_match_removes_match_from_matches_in_class_vs_class_2nd"/>
  <testcase time="0" classname="logic.MatchStatisticsKeeperTest" name="set_win_per_as_class_2nd_works_correctly"/>
  <testcase time="0.001" classname="logic.MatchStatisticsKeeperTest" name="loss_percentage_in_class_vs_class_1st_is_correct1"/>
  <testcase time="0" classname="logic.MatchStatisticsKeeperTest" name="loss_percentage_in_class_vs_class_1st_is_correct2"/>
  <testcase time="0.001" classname="logic.MatchStatisticsKeeperTest" name="loss_percentage_in_class_vs_class_1st_is_correct3"/>
  <testcase time="0" classname="logic.MatchStatisticsKeeperTest" name="loss_percentage_in_class_vs_class_2nd_is_correct1"/>
  <testcase time="0" classname="logic.MatchStatisticsKeeperTest" name="loss_percentage_in_class_vs_class_2nd_is_correct2"/>
  <testcase time="0" classname="logic.MatchStatisticsKeeperTest" name="loss_percentage_in_class_vs_class_2nd_is_correct3"/>
  <testcase time="0" classname="logic.MatchStatisticsKeeperTest" name="remove_match_removes_match_from_matches_as_class_1st"/>
  <testcase time="0" classname="logic.MatchStatisticsKeeperTest" name="remove_match_removes_match_from_matches_as_class_2nd"/>
  <testcase time="0" classname="logic.MatchStatisticsKeeperTest" name="set_win_per_as_class_1st_works_correctly"/>
  <testcase time="0.001" classname="logic.MatchStatisticsKeeperTest" name="remove_match_removes_match_from_losses_as_class_1st"/>
  <testcase time="0" classname="logic.MatchStatisticsKeeperTest" name="remove_match_removes_match_from_losses_as_class_2nd"/>
  <testcase time="0.001" classname="logic.MatchStatisticsKeeperTest" name="set_matches_vs_class_2nd_works_correctly"/>
  <testcase time="0" classname="logic.MatchStatisticsKeeperTest" name="win_percentage_as_class_going_1st_is_correct1"/>
  <testcase time="0" classname="logic.MatchStatisticsKeeperTest" name="win_percentage_as_class_going_1st_is_correct2"/>
  <testcase time="0" classname="logic.MatchStatisticsKeeperTest" name="total_losses_is_correct"/>
  <testcase time="0.003" classname="logic.MatchStatisticsKeeperTest" name="win_percentage_as_class_going_2nd_is_correct1"/>
  <testcase time="0" classname="logic.MatchStatisticsKeeperTest" name="win_percentage_as_class_going_2nd_is_correct2"/>
  <testcase time="0" classname="logic.MatchStatisticsKeeperTest" name="set_matches_vs_class_1st_works_correctly"/>
  <testcase time="0" classname="logic.MatchStatisticsKeeperTest" name="remove_match_removes_match_from_wins_in_class_vs_class_1st"/>
  <testcase time="0.001" classname="logic.MatchStatisticsKeeperTest" name="remove_match_removes_match_from_wins_in_class_vs_class_2nd"/>
  <testcase time="0" classname="logic.MatchStatisticsKeeperTest" name="set_wins_vs_class_2nd_works_correctly"/>
  <testcase time="0.001" classname="logic.MatchStatisticsKeeperTest" name="total_win_percent_is_correct"/>
  <testcase time="0" classname="logic.MatchStatisticsKeeperTest" name="win_percentage_vs_class_going_1st_is_correct1"/>
  <testcase time="0.001" classname="logic.MatchStatisticsKeeperTest" name="win_percentage_vs_class_going_1st_is_correct2"/>
  <testcase time="0" classname="logic.MatchStatisticsKeeperTest" name="loss_percentage_vs_class_1st_is_correct1"/>
  <testcase time="0" classname="logic.MatchStatisticsKeeperTest" name="loss_percentage_vs_class_1st_is_correct2"/>
  <testcase time="0.001" classname="logic.MatchStatisticsKeeperTest" name="loss_percentage_vs_class_1st_is_correct3"/>
  <testcase time="0" classname="logic.MatchStatisticsKeeperTest" name="wins_as_class_total_is_correct1"/>
  <testcase time="0.001" classname="logic.MatchStatisticsKeeperTest" name="wins_as_class_total_is_correct2"/>
  <testcase time="0" classname="logic.MatchStatisticsKeeperTest" name="win_percentage_vs_class_going_2nd_is_correct1"/>
  <testcase time="0.001" classname="logic.MatchStatisticsKeeperTest" name="win_percentage_vs_class_going_2nd_is_correct2"/>
  <testcase time="0" classname="logic.MatchStatisticsKeeperTest" name="matches_vs_class_going_1st_is_correct1"/>
  <testcase time="0.001" classname="logic.MatchStatisticsKeeperTest" name="matches_vs_class_going_1st_is_correct2"/>
  <testcase time="0" classname="logic.MatchStatisticsKeeperTest" name="matches_vs_class_going_1st_is_correct3"/>
  <testcase time="0" classname="logic.MatchStatisticsKeeperTest" name="matches_vs_class_going_1st_is_correct4"/>
  <testcase time="0" classname="logic.MatchStatisticsKeeperTest" name="loss_percentage_vs_class_2nd_is_correct1"/>
  <testcase time="0" classname="logic.MatchStatisticsKeeperTest" name="loss_percentage_vs_class_2nd_is_correct2"/>
  <testcase time="0.001" classname="logic.MatchStatisticsKeeperTest" name="loss_percentage_vs_class_2nd_is_correct3"/>
  <testcase time="0" classname="logic.MatchStatisticsKeeperTest" name="set_wins_vs_class_1st_works_correctly"/>
  <testcase time="0.001" classname="logic.MatchStatisticsKeeperTest" name="remove_match_removes_match_from_wins_vs_class_1st"/>
  <testcase time="0" classname="logic.MatchStatisticsKeeperTest" name="remove_match_removes_match_from_wins_vs_class_2nd"/>
  <testcase time="0" classname="logic.MatchStatisticsKeeperTest" name="matches_vs_class_going_2nd_is_correct1"/>
  <testcase time="0" classname="logic.MatchStatisticsKeeperTest" name="matches_vs_class_going_2nd_is_correct2"/>
  <testcase time="0" classname="logic.MatchStatisticsKeeperTest" name="matches_vs_class_going_2nd_is_correct3"/>
  <testcase time="0.001" classname="logic.MatchStatisticsKeeperTest" name="matches_vs_class_going_2nd_is_correct4"/>
  <testcase time="0" classname="logic.MatchStatisticsKeeperTest" name="losses_in_class_vs_class_going_1st_is_correct1"/>
  <testcase time="0.001" classname="logic.MatchStatisticsKeeperTest" name="losses_in_class_vs_class_going_1st_is_correct2"/>
  <testcase time="0" classname="logic.MatchStatisticsKeeperTest" name="win_percentage_in_class_vs_class_total_is_correct1"/>
  <testcase time="0.001" classname="logic.MatchStatisticsKeeperTest" name="win_percentage_in_class_vs_class_total_is_correct2"/>
  <testcase time="0" classname="logic.MatchStatisticsKeeperTest" name="win_percentage_in_class_vs_class_total_is_correct3"/>
  <testcase time="0" classname="logic.MatchStatisticsKeeperTest" name="win_percentage_in_class_vs_class_total_is_correct4"/>
  <testcase time="0" classname="logic.MatchStatisticsKeeperTest" name="win_percentage_in_class_vs_class_total_is_correct5"/>
  <testcase time="0.001" classname="logic.MatchStatisticsKeeperTest" name="win_percentage_in_class_vs_class_total_is_correct6"/>
  <testcase time="0.001" classname="logic.MatchStatisticsKeeperTest" name="losses_in_class_vs_class_going_2nd_is_correct1"/>
  <testcase time="0" classname="logic.MatchStatisticsKeeperTest" name="losses_in_class_vs_class_going_2nd_is_correct2"/>
  <testcase time="0.001" classname="logic.MatchStatisticsKeeperTest" name="losses_in_class_vs_class_going_2nd_is_correct3"/>
  <testcase time="0" classname="logic.MatchStatisticsKeeperTest" name="win_percentage_as_class_total_is_correct1"/>
  <testcase time="0.001" classname="logic.MatchStatisticsKeeperTest" name="win_percentage_as_class_total_is_correct2"/>
  <testcase time="0" classname="logic.MatchStatisticsKeeperTest" name="win_percentage_as_class_total_is_correct3"/>
  <testcase time="0.001" classname="logic.MatchStatisticsKeeperTest" name="matches_in_class_vs_class_going_1st_is_correct1"/>
  <testcase time="0" classname="logic.MatchStatisticsKeeperTest" name="matches_in_class_vs_class_going_1st_is_correct2"/>
  <testcase time="0" classname="logic.MatchStatisticsKeeperTest" name="matches_in_class_vs_class_going_1st_is_correct3"/>
  <testcase time="0" classname="logic.MatchStatisticsKeeperTest" name="wins_as_class_going_1st_is_correct1"/>
  <testcase time="0.001" classname="logic.MatchStatisticsKeeperTest" name="wins_as_class_going_1st_is_correct2"/>
  <testcase time="0" classname="logic.MatchStatisticsKeeperTest" name="wins_in_class_vs_class_going_1st_is_correct1"/>
  <testcase time="0.001" classname="logic.MatchStatisticsKeeperTest" name="wins_in_class_vs_class_going_1st_is_correct2"/>
  <testcase time="0" classname="logic.MatchStatisticsKeeperTest" name="loss_percentage_in_class_vs_class_total_is_correct1"/>
  <testcase time="0.001" classname="logic.MatchStatisticsKeeperTest" name="loss_percentage_in_class_vs_class_total_is_correct2"/>
  <testcase time="0" classname="logic.MatchStatisticsKeeperTest" name="loss_percentage_in_class_vs_class_total_is_correct3"/>
  <testcase time="0" classname="logic.MatchStatisticsKeeperTest" name="loss_percentage_in_class_vs_class_total_is_correct4"/>
  <testcase time="0.001" classname="logic.MatchStatisticsKeeperTest" name="loss_percentage_in_class_vs_class_total_is_correct5"/>
  <testcase time="0" classname="logic.MatchStatisticsKeeperTest" name="loss_percentage_in_class_vs_class_total_is_correct6"/>
  <testcase time="0.001" classname="logic.MatchStatisticsKeeperTest" name="matches_in_class_vs_class_going_2nd_is_correct1"/>
  <testcase time="0" classname="logic.MatchStatisticsKeeperTest" name="matches_in_class_vs_class_going_2nd_is_correct2"/>
  <testcase time="0" classname="logic.MatchStatisticsKeeperTest" name="matches_in_class_vs_class_going_2nd_is_correct3"/>
  <testcase time="0.001" classname="logic.MatchStatisticsKeeperTest" name="set_matches_as_class_2nd_works_correctly"/>
  <testcase time="0" classname="logic.MatchStatisticsKeeperTest" name="wins_as_class_going_2nd_is_correct1"/>
  <testcase time="0.001" classname="logic.MatchStatisticsKeeperTest" name="wins_as_class_going_2nd_is_correct2"/>
  <testcase time="0" classname="logic.MatchStatisticsKeeperTest" name="loss_percentage_as_class_total_is_correct1"/>
  <testcase time="0" classname="logic.MatchStatisticsKeeperTest" name="loss_percentage_as_class_total_is_correct2"/>
  <testcase time="0" classname="logic.MatchStatisticsKeeperTest" name="loss_percentage_as_class_total_is_correct3"/>
  <testcase time="0.001" classname="logic.MatchStatisticsKeeperTest" name="wins_in_class_vs_class_going_2nd_is_correct1"/>
  <testcase time="0" classname="logic.MatchStatisticsKeeperTest" name="wins_in_class_vs_class_going_2nd_is_correct2"/>
  <testcase time="0" classname="logic.MatchStatisticsKeeperTest" name="losses_as_class_going_1st_is_correct1"/>
  <testcase time="0" classname="logic.MatchStatisticsKeeperTest" name="losses_as_class_going_1st_is_correct2"/>
  <testcase time="0.001" classname="logic.MatchStatisticsKeeperTest" name="wins_vs_class_total_is_correct1"/>
  <testcase time="0" classname="logic.MatchStatisticsKeeperTest" name="wins_vs_class_total_is_correct2"/>
  <testcase time="0.001" classname="logic.MatchStatisticsKeeperTest" name="wins_vs_class_total_is_correct3"/>
  <testcase time="0" classname="logic.MatchStatisticsKeeperTest" name="wins_vs_class_going_1st_is_correct1"/>
  <testcase time="0" classname="logic.MatchStatisticsKeeperTest" name="wins_vs_class_going_1st_is_correct2"/>
  <testcase time="0" classname="logic.MatchStatisticsKeeperTest" name="remove_match_removes_match_from_losses_in_class_vs_class_1st"/>
  <testcase time="0" classname="logic.MatchStatisticsKeeperTest" name="remove_match_removes_match_from_losses_in_class_vs_class_2nd"/>
  <testcase time="0.001" classname="logic.MatchStatisticsKeeperTest" name="losses_as_class_going_2nd_is_correct1"/>
  <testcase time="0" classname="logic.MatchStatisticsKeeperTest" name="losses_as_class_going_2nd_is_correct2"/>
  <testcase time="0.001" classname="logic.MatchStatisticsKeeperTest" name="losses_as_class_going_2nd_is_correct3"/>
  <testcase time="0" classname="logic.MatchStatisticsKeeperTest" name="wins_vs_class_going_2nd_is_correct1"/>
  <testcase time="0.001" classname="logic.MatchStatisticsKeeperTest" name="wins_vs_class_going_2nd_is_correct2"/>
  <testcase time="0" classname="logic.MatchStatisticsKeeperTest" name="set_losses_in_class_vs_class_2nd_works_correctly"/>
  <testcase time="0.001" classname="logic.MatchStatisticsKeeperTest" name="set_matches_as_class_1st_works_correctly"/>
  <testcase time="0" classname="logic.MatchStatisticsKeeperTest" name="losses_vs_class_going_1st_is_correct1"/>
  <testcase time="0.003" classname="logic.MatchStatisticsKeeperTest" name="losses_vs_class_going_1st_is_correct2"/>
  <testcase time="0.001" classname="logic.MatchStatisticsKeeperTest" name="set_wins_as_class_2nd_works_correctly"/>
  <testcase time="0" classname="logic.MatchStatisticsKeeperTest" name="set_wins_in_class_vs_class_2nd_works_correctly"/>
  <testcase time="0" classname="logic.MatchStatisticsKeeperTest" name="set_losses_vs_class_2nd_works_correctly"/>
  <testcase time="0" classname="logic.MatchStatisticsKeeperTest" name="total_matches_is_correct"/>
  <testcase time="0" classname="logic.MatchStatisticsKeeperTest" name="win_percentage_vs_class_total_is_correct1"/>
  <testcase time="0" classname="logic.MatchStatisticsKeeperTest" name="win_percentage_vs_class_total_is_correct2"/>
  <testcase time="0" classname="logic.MatchStatisticsKeeperTest" name="win_percentage_vs_class_total_is_correct3"/>
  <testcase time="0.001" classname="logic.MatchStatisticsKeeperTest" name="win_percentage_vs_class_total_is_correct4"/>
  <testcase time="0" classname="logic.MatchStatisticsKeeperTest" name="win_percentage_vs_class_total_is_correct5"/>
  <testcase time="0.001" classname="logic.MatchStatisticsKeeperTest" name="win_percentage_vs_class_total_is_correct6"/>
  <testcase time="0" classname="logic.MatchStatisticsKeeperTest" name="losses_vs_class_going_2nd_is_correct1"/>
  <testcase time="0" classname="logic.MatchStatisticsKeeperTest" name="losses_vs_class_going_2nd_is_correct2"/>
  <testcase time="0.001" classname="logic.MatchStatisticsKeeperTest" name="losses_vs_class_going_2nd_is_correct3"/>
</testsuite>