<?xml version="1.0" encoding="UTF-8" ?>
<testsuite tests="38" failures="0" name="util.MapperTest" time="0.007" errors="0" skipped="0">
  <properties>
[...]
</properties>
  <testcase classname="util.MapperTest" name="increaseIntegerInDcIntIntMapMap_doesnt_increase_other_integers_by_one" time="0"/>
  <testcase classname="util.MapperTest" name="mapZeroesToADeckClassPairIntegerMap_maps_zeroes_to_values" time="0"/>
  <testcase classname="util.MapperTest" name="decreaseIntegerInIntegerIntegerMap_decreases_integer_by_one" time="0"/>
  <testcase classname="util.MapperTest" name="mapZeroesToADeckClassIntegerMap_values_are_zeroes" time="0"/>
  <testcase classname="util.MapperTest" name="updateAverageInIntegerDoubleMap_works_correctly" time="0"/>
  <testcase classname="util.MapperTest" name="mapZeroesToIntegerDoubleMap_maps_zeroes_to_values" time="0"/>
  <testcase classname="util.MapperTest" name="decreaseIntegerInDeckClassIntegerMap_decreases_integer_by_x" time="0"/>
  <testcase classname="util.MapperTest" name="decreaseIntegerInDcIntIntMapMap_decreases_integer_by_one" time="0"/>
  <testcase classname="util.MapperTest" name="increaseIntegerInDcIntIntMapMap_increases_integer_by_one" time="0"/>
  <testcase classname="util.MapperTest" name="decreaseIntegerInDcIntIntMapMap_decreases_integer_by_x_amount" time="0"/>
  <testcase classname="util.MapperTest" name="mapZeroesToADeckClassPairIntegerMap_has_correct_keyset_size" time="0"/>
  <testcase classname="util.MapperTest" name="mapZeroesToADeckClassIntegerMap_has_correct_keyset_size" time="0"/>
  <testcase classname="util.MapperTest" name="decreaseIntegerInDeckClassIntegerMap_decreases_integer_by_one" time="0"/>
  <testcase classname="util.MapperTest" name="mapZeroesToDcIntIntMapMap_has_correct_keyset_size" time="0"/>
  <testcase classname="util.MapperTest" name="increaseIntegerInDcIntIntMapMap_increases_integer_by_x_amount" time="0"/>
  <testcase classname="util.MapperTest" name="increaseIntegerInDeckClassPairIntegerMap_increases_value_by_one" time="0"/>
  <testcase classname="util.MapperTest" name="mapZeroesToADeckClassDoubleMap_maps_zeroes_to_values" time="0"/>
  <testcase classname="util.MapperTest" name="mapZeroesToIntegerIntegerMap_maps_zeroes_to_values" time="0"/>
  <testcase classname="util.MapperTest" name="updateWinPercentageInDeckClassPairDoubleMap_works_correctly" time="0"/>
  <testcase classname="util.MapperTest" name="increaseIntegerInDcIntIntMapMap_doesnt_increase_other_integers_by_x_amount" time="0"/>
  <testcase classname="util.MapperTest" name="decreaseIntegerInDcIntIntMapMap_doesnt_decrease_integer_below_zero" time="0"/>
  <testcase classname="util.MapperTest" name="mapZeroesToIntegerIntegerMap_has_correct_keyset_size" time="0"/>
  <testcase classname="util.MapperTest" name="mapZeroesToIntegerDoubleMap_has_correct_keyset_size" time="0"/>
  <testcase classname="util.MapperTest" name="mapZeroesToADeckClassDoubleMap_has_correct_keyset_size" time="0"/>
  <testcase classname="util.MapperTest" name="increaseIntegerInDeckClassIntegerMap_increases_value_by_x_amount" time="0"/>
  <testcase classname="util.MapperTest" name="decreaseIntegerInIntegerIntegerMap_decreases_integer_by_x_amount" time="0"/>
  <testcase classname="util.MapperTest" name="mapZeroesToADeckClassPairDoubleMap_maps_zeroes_to_values" time="0"/>
  <testcase classname="util.MapperTest" name="mapZeroesToDcIntIntMapMap_maps_zeroes_to_values" time="0"/>
  <testcase classname="util.MapperTest" name="mapZeroesToADeckClassPairDoubleMap_has_correct_keyset_size" time="0"/>
  <testcase classname="util.MapperTest" name="decreaseIntegerInDeckClassPairIntegerMap_does_not_decrease_integer_below_zero" time="0"/>
  <testcase classname="util.MapperTest" name="increaseIntegerInDeckClassIntegerMap_increases_value_by_one" time="0"/>
  <testcase classname="util.MapperTest" name="decreaseIntegerInDeckClassPairIntegerMap_decreases_integer_by_one" time="0"/>
  <testcase classname="util.MapperTest" name="increaseIntegerInIntegerIntegerMap_increases_integer_by_one" time="0"/>
  <testcase classname="util.MapperTest" name="updateWinPercentageInDeckClassDoubleMap_works_correctly" time="0"/>
  <testcase classname="util.MapperTest" name="increaseIntegerInIntegerIntegerMap_increases_integer_by_x_amount" time="0"/>
  <testcase classname="util.MapperTest" name="decreaseIntegerInIntegerIntegerMap_doesnt_decrease_integer_below_zero" time="0"/>
  <testcase classname="util.MapperTest" name="updateAverageInDeckClassDoubleMap_works_correctly" time="0"/>
  <testcase classname="util.MapperTest" name="decreaseIntegerInDeckClassIntegerMap_does_not_decrease_integer_below_zero" time="0"/>
</testsuite>